c:\users\admin\desktop\contra\contra\x64\debug\vc143.pdb
c:\users\admin\desktop\contra\contra\x64\debug\vc143.idb
c:\users\admin\desktop\contra\contra\x64\debug\winmain.obj
c:\users\admin\desktop\contra\contra\x64\debug\runman.obj
c:\users\admin\desktop\contra\contra\x64\debug\player.obj
c:\users\admin\desktop\contra\contra\x64\debug\keyeventhandle.obj
c:\users\admin\desktop\contra\contra\x64\debug\game.obj
c:\users\admin\desktop\contra\contra\x64\debug\animationhandler.obj
c:\users\admin\desktop\contra\contra\x64\debug\animation.obj
c:\users\admin\desktop\contra\x64\debug\d3dcompiler_43.dll
c:\users\admin\desktop\contra\x64\debug\d3dx9d_43.dll
c:\users\admin\desktop\contra\x64\debug\d3dx10d_43.dll
c:\users\admin\desktop\contra\x64\debug\d3dx11d_43.dll
c:\users\admin\desktop\contra\x64\debug\contra.pdb
c:\users\admin\desktop\contra\contra\x64\debug\contra.tlog\cl.command.1.tlog
c:\users\admin\desktop\contra\contra\x64\debug\contra.tlog\cl.read.1.tlog
c:\users\admin\desktop\contra\contra\x64\debug\contra.tlog\cl.write.1.tlog
c:\users\admin\desktop\contra\contra\x64\debug\contra.tlog\copylocal.read.1u.tlog
c:\users\admin\desktop\contra\contra\x64\debug\contra.tlog\copylocal.write.1u.tlog
c:\users\admin\desktop\contra\contra\x64\debug\contra.tlog\link-cvtres.read.1.tlog
c:\users\admin\desktop\contra\contra\x64\debug\contra.tlog\link-cvtres.write.1.tlog
c:\users\admin\desktop\contra\contra\x64\debug\contra.tlog\link-rc.read.1.tlog
c:\users\admin\desktop\contra\contra\x64\debug\contra.tlog\link-rc.write.1.tlog
c:\users\admin\desktop\contra\contra\x64\debug\contra.tlog\link.command.1.tlog
c:\users\admin\desktop\contra\contra\x64\debug\contra.tlog\link.read.1.tlog
c:\users\admin\desktop\contra\contra\x64\debug\contra.tlog\link.read.2.tlog
c:\users\admin\desktop\contra\contra\x64\debug\contra.tlog\link.read.3.tlog
c:\users\admin\desktop\contra\contra\x64\debug\contra.tlog\link.write.1.tlog
